2021-04-18 07:43:16 INFO  MyLog:35 - Logged to allure: The base URI is : https://api.spacexdata.com/v4
2021-04-18 07:43:17 INFO  MyLog:35 - Request Specification is :io.restassured.internal.RequestSpecificationImpl@d62fe5b
2021-04-18 07:43:18 INFO  MyLog:35 - Logged to allure: Getting the response for the launchPads from test data excel
2021-04-18 07:43:18 DEBUG BasicClientConnectionManager:161 - Get connection for route {s}->https://api.spacexdata.com:443
2021-04-18 07:43:18 DEBUG DefaultClientConnectionOperator:177 - Connecting to api.spacexdata.com:443
2021-04-18 07:43:19 DEBUG RequestAddCookies:123 - CookieSpec selected: ignoreCookies
2021-04-18 07:43:19 DEBUG RequestAuthCache:77 - Auth cache not set in the context
2021-04-18 07:43:19 DEBUG RequestTargetAuthentication:80 - Target auth state: UNCHALLENGED
2021-04-18 07:43:19 DEBUG RequestProxyAuthentication:89 - Proxy auth state: UNCHALLENGED
2021-04-18 07:43:19 DEBUG DefaultHttpClient:682 - Attempt 1 to execute request
2021-04-18 07:43:19 DEBUG DefaultClientConnection:274 - Sending request: GET /v4/launchpads/5e9e4501f5090910d4566f83 HTTP/1.1
2021-04-18 07:43:19 DEBUG wire:73 -  >> "GET /v4/launchpads/5e9e4501f5090910d4566f83 HTTP/1.1[\r][\n]"
2021-04-18 07:43:19 DEBUG wire:73 -  >> "Accept: */*[\r][\n]"
2021-04-18 07:43:19 DEBUG wire:73 -  >> "Host: api.spacexdata.com[\r][\n]"
2021-04-18 07:43:19 DEBUG wire:73 -  >> "Connection: Keep-Alive[\r][\n]"
2021-04-18 07:43:19 DEBUG wire:73 -  >> "User-Agent: Apache-HttpClient/4.5.6 (Java/1.8.0_281)[\r][\n]"
2021-04-18 07:43:19 DEBUG wire:73 -  >> "Accept-Encoding: gzip,deflate[\r][\n]"
2021-04-18 07:43:19 DEBUG wire:73 -  >> "[\r][\n]"
2021-04-18 07:43:19 DEBUG headers:278 - >> GET /v4/launchpads/5e9e4501f5090910d4566f83 HTTP/1.1
2021-04-18 07:43:19 DEBUG headers:281 - >> Accept: */*
2021-04-18 07:43:19 DEBUG headers:281 - >> Host: api.spacexdata.com
2021-04-18 07:43:19 DEBUG headers:281 - >> Connection: Keep-Alive
2021-04-18 07:43:19 DEBUG headers:281 - >> User-Agent: Apache-HttpClient/4.5.6 (Java/1.8.0_281)
2021-04-18 07:43:19 DEBUG headers:281 - >> Accept-Encoding: gzip,deflate
2021-04-18 07:43:20 DEBUG wire:73 -  << "HTTP/1.1 200 OK[\r][\n]"
2021-04-18 07:43:20 DEBUG wire:73 -  << "Date: Sun, 18 Apr 2021 02:13:19 GMT[\r][\n]"
2021-04-18 07:43:20 DEBUG wire:73 -  << "Content-Type: application/json; charset=utf-8[\r][\n]"
2021-04-18 07:43:20 DEBUG wire:73 -  << "Content-Length: 409[\r][\n]"
2021-04-18 07:43:20 DEBUG wire:73 -  << "Connection: keep-alive[\r][\n]"
2021-04-18 07:43:20 DEBUG wire:73 -  << "Set-Cookie: __cfduid=d2627106640fa49a0cb2376f12f226f211618711999; expires=Tue, 18-May-21 02:13:19 GMT; path=/; domain=.spacexdata.com; HttpOnly; SameSite=Lax; Secure[\r][\n]"
2021-04-18 07:43:20 DEBUG wire:73 -  << "Access-Control-Allow-Origin: *[\r][\n]"
2021-04-18 07:43:20 DEBUG wire:73 -  << "Access-Control-Expose-Headers: spacex-api-cache,spacex-api-response-time[\r][\n]"
2021-04-18 07:43:20 DEBUG wire:73 -  << "Cache-Control: max-age=300[\r][\n]"
2021-04-18 07:43:20 DEBUG wire:73 -  << "Content-Encoding: gzip[\r][\n]"
2021-04-18 07:43:20 DEBUG wire:73 -  << "Content-Security-Policy: default-src 'self';base-uri 'self';block-all-mixed-content;font-src 'self' https: data:;frame-ancestors 'self';img-src 'self' data:;object-src 'none';script-src 'self';script-src-attr 'none';style-src 'self' https: 'unsafe-inline';upgrade-insecure-requests[\r][\n]"
2021-04-18 07:43:20 DEBUG wire:73 -  << "Etag: "25c-6s0Gx0DYP0aveoFbexQx+FvmOlg"[\r][\n]"
2021-04-18 07:43:20 DEBUG wire:73 -  << "Expect-Ct: max-age=0[\r][\n]"
2021-04-18 07:43:20 DEBUG wire:73 -  << "Referrer-Policy: no-referrer[\r][\n]"
2021-04-18 07:43:20 DEBUG wire:73 -  << "Spacex-Api-Cache: HIT[\r][\n]"
2021-04-18 07:43:20 DEBUG wire:73 -  << "Spacex-Api-Cache-Online: true[\r][\n]"
2021-04-18 07:43:20 DEBUG wire:73 -  << "Spacex-Api-Response-Time: 0ms[\r][\n]"
2021-04-18 07:43:20 DEBUG wire:73 -  << "Strict-Transport-Security: max-age=15552000; includeSubDomains[\r][\n]"
2021-04-18 07:43:20 DEBUG wire:73 -  << "Vary: Origin[\r][\n]"
2021-04-18 07:43:20 DEBUG wire:73 -  << "Vary: Accept-Encoding[\r][\n]"
2021-04-18 07:43:20 DEBUG wire:73 -  << "X-Content-Type-Options: nosniff[\r][\n]"
2021-04-18 07:43:20 DEBUG wire:73 -  << "X-Dns-Prefetch-Control: off[\r][\n]"
2021-04-18 07:43:20 DEBUG wire:73 -  << "X-Download-Options: noopen[\r][\n]"
2021-04-18 07:43:20 DEBUG wire:73 -  << "X-Frame-Options: SAMEORIGIN[\r][\n]"
2021-04-18 07:43:20 DEBUG wire:73 -  << "X-Permitted-Cross-Domain-Policies: none[\r][\n]"
2021-04-18 07:43:20 DEBUG wire:73 -  << "X-Xss-Protection: 0[\r][\n]"
2021-04-18 07:43:20 DEBUG wire:73 -  << "CF-Cache-Status: DYNAMIC[\r][\n]"
2021-04-18 07:43:20 DEBUG wire:73 -  << "cf-request-id: 09845a0bda0000409b3599d000000001[\r][\n]"
2021-04-18 07:43:20 DEBUG wire:73 -  << "Report-To: {"endpoints":[{"url":"https:\/\/a.nel.cloudflare.com\/report?s=UEnvPNiNz6LxTbmzIab8AH0YnZ4NAjuTGnEv0E%2Fu20to%2BAVfNDeg1AMLtcZRFJhTLKw2ctl8kuDxJByoCL9pubhAVEgQ3kvunEaZWzLWjrrF27Y%3D"}],"group":"cf-nel","max_age":604800}[\r][\n]"
2021-04-18 07:43:20 DEBUG wire:73 -  << "NEL: {"max_age":604800,"report_to":"cf-nel"}[\r][\n]"
2021-04-18 07:43:20 DEBUG wire:73 -  << "Server: cloudflare[\r][\n]"
2021-04-18 07:43:20 DEBUG wire:73 -  << "CF-RAY: 641a5f8c8eeb409b-LHR[\r][\n]"
2021-04-18 07:43:20 DEBUG wire:73 -  << "alt-svc: h3-27=":443"; ma=86400, h3-28=":443"; ma=86400, h3-29=":443"; ma=86400[\r][\n]"
2021-04-18 07:43:20 DEBUG wire:73 -  << "[\r][\n]"
2021-04-18 07:43:20 DEBUG DefaultClientConnection:259 - Receiving response: HTTP/1.1 200 OK
2021-04-18 07:43:20 DEBUG headers:262 - << HTTP/1.1 200 OK
2021-04-18 07:43:20 DEBUG headers:265 - << Date: Sun, 18 Apr 2021 02:13:19 GMT
2021-04-18 07:43:20 DEBUG headers:265 - << Content-Type: application/json; charset=utf-8
2021-04-18 07:43:20 DEBUG headers:265 - << Content-Length: 409
2021-04-18 07:43:20 DEBUG headers:265 - << Connection: keep-alive
2021-04-18 07:43:20 DEBUG headers:265 - << Set-Cookie: __cfduid=d2627106640fa49a0cb2376f12f226f211618711999; expires=Tue, 18-May-21 02:13:19 GMT; path=/; domain=.spacexdata.com; HttpOnly; SameSite=Lax; Secure
2021-04-18 07:43:20 DEBUG headers:265 - << Access-Control-Allow-Origin: *
2021-04-18 07:43:20 DEBUG headers:265 - << Access-Control-Expose-Headers: spacex-api-cache,spacex-api-response-time
2021-04-18 07:43:20 DEBUG headers:265 - << Cache-Control: max-age=300
2021-04-18 07:43:20 DEBUG headers:265 - << Content-Encoding: gzip
2021-04-18 07:43:20 DEBUG headers:265 - << Content-Security-Policy: default-src 'self';base-uri 'self';block-all-mixed-content;font-src 'self' https: data:;frame-ancestors 'self';img-src 'self' data:;object-src 'none';script-src 'self';script-src-attr 'none';style-src 'self' https: 'unsafe-inline';upgrade-insecure-requests
2021-04-18 07:43:20 DEBUG headers:265 - << Etag: "25c-6s0Gx0DYP0aveoFbexQx+FvmOlg"
2021-04-18 07:43:20 DEBUG headers:265 - << Expect-Ct: max-age=0
2021-04-18 07:43:20 DEBUG headers:265 - << Referrer-Policy: no-referrer
2021-04-18 07:43:20 DEBUG headers:265 - << Spacex-Api-Cache: HIT
2021-04-18 07:43:20 DEBUG headers:265 - << Spacex-Api-Cache-Online: true
2021-04-18 07:43:20 DEBUG headers:265 - << Spacex-Api-Response-Time: 0ms
2021-04-18 07:43:20 DEBUG headers:265 - << Strict-Transport-Security: max-age=15552000; includeSubDomains
2021-04-18 07:43:20 DEBUG headers:265 - << Vary: Origin
2021-04-18 07:43:20 DEBUG headers:265 - << Vary: Accept-Encoding
2021-04-18 07:43:20 DEBUG headers:265 - << X-Content-Type-Options: nosniff
2021-04-18 07:43:20 DEBUG headers:265 - << X-Dns-Prefetch-Control: off
2021-04-18 07:43:20 DEBUG headers:265 - << X-Download-Options: noopen
2021-04-18 07:43:20 DEBUG headers:265 - << X-Frame-Options: SAMEORIGIN
2021-04-18 07:43:20 DEBUG headers:265 - << X-Permitted-Cross-Domain-Policies: none
2021-04-18 07:43:20 DEBUG headers:265 - << X-Xss-Protection: 0
2021-04-18 07:43:20 DEBUG headers:265 - << CF-Cache-Status: DYNAMIC
2021-04-18 07:43:20 DEBUG headers:265 - << cf-request-id: 09845a0bda0000409b3599d000000001
2021-04-18 07:43:20 DEBUG headers:265 - << Report-To: {"endpoints":[{"url":"https:\/\/a.nel.cloudflare.com\/report?s=UEnvPNiNz6LxTbmzIab8AH0YnZ4NAjuTGnEv0E%2Fu20to%2BAVfNDeg1AMLtcZRFJhTLKw2ctl8kuDxJByoCL9pubhAVEgQ3kvunEaZWzLWjrrF27Y%3D"}],"group":"cf-nel","max_age":604800}
2021-04-18 07:43:20 DEBUG headers:265 - << NEL: {"max_age":604800,"report_to":"cf-nel"}
2021-04-18 07:43:20 DEBUG headers:265 - << Server: cloudflare
2021-04-18 07:43:20 DEBUG headers:265 - << CF-RAY: 641a5f8c8eeb409b-LHR
2021-04-18 07:43:20 DEBUG headers:265 - << alt-svc: h3-27=":443"; ma=86400, h3-28=":443"; ma=86400, h3-29=":443"; ma=86400
2021-04-18 07:43:20 DEBUG DefaultHttpClient:509 - Connection can be kept alive indefinitely
2021-04-18 07:43:20 DEBUG RequestSpecificationImpl$RestAssuredHttpBuilder:545 - Parsing response as: application/json; charset=utf-8
2021-04-18 07:43:20 DEBUG wire:73 -  << "[0x1f][0x8b][0x8][0x0][0x0][0x9]n[0x88][0x0][0xff]|[0x90]A[0x8b][0xdb]0[0x10][0x85][0xff][0xca]0[0x97]^[0xdc][0xd4]n[0xec]t[0xed][6[0x10]([0xe4][0xb6][0xd0][0x16][0x96]%L[0xa4][0x91]3T[0xd6][0x4]I[0xce]6-[0xfd][0xef]E[0xeb][0xdd][0x1e][0xf7][0xa8][0xa7][0xf7]==[0xbd]?[0x18]hb[0x1c][0xf0][0xdb]v[0xf][0xf][0x87][0x1d][0xac][0xbf]c[0x85]n[0xf6][0xfe][0xf8]vC[0xc1]r8q[0x1c]a+[0x11][0xf6][0x1a][\r][0xc3]=%[0x86][0x87][0xb][0x19][0x86][0x3][0xcd][0xc1][0x9c]a[0xa7][0xd3][0xc5][0xf3][0xaf][0x85][0xf7]j[0xc8]K[0xbe][0xbd][0x87]c[0x85][0x91]G[0xd1][0x80][0x3][0xee][0xc8][0x8b][0xd3][0x18][0x84][0xb0][0xc2],[0x13][0xff][0xd6]P[0xde][0xde]N[0x1c][0xc5][0xd0][0xa7][0x83][0xa6][0xe3]6[0x8c][0xec]9[0x95]t[0xca][0x92]g[0xcb]8[0xac][0xdb][0xd5][0xa6]m[0xeb][0xbe]n+[0xf4][0x1a][0xc6]W[0xf9]c[0xf3][0xb9]^u[0xfd][0xba]i[0xd7]w[0xc5]^[\n]"
2021-04-18 07:43:20 DEBUG wire:73 -  << "[0x1e])g[0x9e].9[0xe1]P[0xff][0xd7][0xd2]l[0xc][0xa7][0xc4][0x8b][0x18][0xd5][0xfc][0xe4]bx[0xc4][0x8e]{[[0xdb][0xbe]cK[0x9b][0xbe][0xef]:[0xf7][0xa5][0xee]m[0xc3]'|zc[0xb][0xf3][0xf8]T[0xa1][0xe5]L[0xe2][0x13][0xe][0xf8]2[0xc7][0x8f][0xf][0x9]4[0xca]([0x81]<<s[0xca]`[0x94]R[0x86][0x5][0x82][0xb]Yp[0x1a]aO[0xde]h[0x80]f[0x5]_3<S[0x82]9[0xb1][0x5][0x9]@[0x90]2e1[0xe0]$2[0xe4][0x12]p[0x9a][0x17]K[0xe0]+G[0xe0][0xe9][0xe2][0xf5][0xc6]K[0xc][0xbd][0xe6]V@[0xc1][0xbe][0x98][0xe8]D[0xc1]j`[0xb]vf[0xc8][\n]"
2021-04-18 07:43:20 DEBUG wire:73 -  << "[0x91][0xc2][0xc8][0x90][0xcc][0x99][0xed][0xec]%[0x8c]`48/&'[0xa0]([0xa9](.[0xea][0x4]z[0xe5][0xe8][0xfc][0xad][0x9c]5[0x9f]9[0x2][0x99],W.[0x8d][0xd3][\n]"
2021-04-18 07:43:20 DEBUG wire:87 -  << "+,[0xb5][0xe6][0xf2][0xcd][0xc8]Y"[[0xac]P,[0xe]e)n[0xbb][0xba]q][0xdd][0xd7]}S[0xdb][0xb6][0xdb]l[0xdc][0xdd][0x1a][0xff][0xfe][0x1b][0x0][0xda][0xb0][0xa1][0xf1]\[0x2][0x0][0x0]"
2021-04-18 07:43:20 DEBUG RequestSpecificationImpl$RestAssuredHttpBuilder:548 - Parsed data to instance of: class org.apache.http.conn.EofSensorInputStream
2021-04-18 07:43:20 INFO  MyLog:35 - Logged to allure: Asserting the response if the status code returned is 200
2021-04-18 07:43:20 DEBUG BasicClientConnectionManager:200 - Releasing connection org.apache.http.impl.conn.ManagedClientConnectionImpl@393881f0
2021-04-18 07:43:20 DEBUG BasicClientConnectionManager:225 - Connection can be kept alive indefinitely
2021-04-18 07:43:20 INFO  MyLog:35 - Logged to allure: {"name":"VAFB SLC 3W","full_name":"Vandenberg Air Force Base Space Launch Complex 3W","locality":"Vandenberg Air Force Base","region":"California","timezone":"America/Los_Angeles","latitude":34.6440904,"longitude":-120.5931438,"launch_attempts":0,"launch_successes":0,"rockets":["5e9d0d95eda69955f709d1eb"],"launches":[],"details":"SpaceX's original west coast launch pad for Falcon 1. It was used in a static fire test but was never employed for a launch, and was abandoned due to range scheduling conflicts arising from overflying other active pads.","status":"retired","id":"5e9e4501f5090910d4566f83"}
2021-04-18 07:43:20 INFO  MyLog:35 - Logged to allure: Asserting of response body with the data from test data excel
2021-04-18 07:43:21 INFO  MyLog:35 - Atomation has been created successfully
